<?xml version="1.0" encoding="UTF-8"?>
<testng-results skipped="0" failed="0" ignored="0" total="1" passed="1">
  <reporter-output>
  </reporter-output>
  <suite name="Default suite" duration-ms="38528" started-at="2019-10-21T04:10:33Z" finished-at="2019-10-21T04:11:12Z">
    <groups>
    </groups>
    <test name="Default test" duration-ms="38528" started-at="2019-10-21T04:10:33Z" finished-at="2019-10-21T04:11:12Z">
      <class name="com.testcases.Tc_01_Authentication_Header_Validation">
        <test-method status="PASS" signature="intializeTestSuite()[pri:0, instance:com.testcases.Tc_01_Authentication_Header_Validation@3b0090a4]" name="intializeTestSuite" is-config="true" duration-ms="76" started-at="2019-10-21T09:40:33Z" finished-at="2019-10-21T09:40:33Z">
          <reporter-output>
          </reporter-output>
        </test-method> <!-- intializeTestSuite -->
        <test-method status="PASS" signature="getTestCaseDetails(java.lang.reflect.Method)[pri:0, instance:com.testcases.Tc_01_Authentication_Header_Validation@3b0090a4]" name="getTestCaseDetails" is-config="true" duration-ms="162" started-at="2019-10-21T09:40:33Z" finished-at="2019-10-21T09:40:33Z">
          <params>
            <param index="0">
              <value>
                <![CDATA[public static void com.testcases.Tc_01_Authentication_Header_Validation.Tc_01_Authentication_Header_Validation() throws java.lang.Exception]]>
              </value>
            </param>
          </params>
          <reporter-output>
          </reporter-output>
        </test-method> <!-- getTestCaseDetails -->
        <test-method status="PASS" signature="Tc_01_Authentication_Header_Validation()[pri:0, instance:com.testcases.Tc_01_Authentication_Header_Validation@3b0090a4]" name="Tc_01_Authentication_Header_Validation" duration-ms="38049" started-at="2019-10-21T09:40:33Z" finished-at="2019-10-21T09:41:11Z">
          <reporter-output>
          </reporter-output>
        </test-method> <!-- Tc_01_Authentication_Header_Validation -->
        <test-method status="PASS" signature="publishReport()[pri:0, instance:com.testcases.Tc_01_Authentication_Header_Validation@3b0090a4]" name="publishReport" is-config="true" duration-ms="293" started-at="2019-10-21T09:41:11Z" finished-at="2019-10-21T09:41:12Z">
          <reporter-output>
          </reporter-output>
        </test-method> <!-- publishReport -->
      </class> <!-- com.testcases.Tc_01_Authentication_Header_Validation -->
    </test> <!-- Default test -->
  </suite> <!-- Default suite -->
</testng-results>
