<?xml version="1.0" encoding="UTF-8"?>
<testng-results ignored="0" total="1" passed="1" failed="0" skipped="0">
  <reporter-output>
  </reporter-output>
  <suite started-at="2019-11-05T10:18:12 IST" name="Suite" finished-at="2019-11-05T10:20:28 IST" duration-ms="136278">
    <groups>
    </groups>
    <test started-at="2019-11-05T10:18:12 IST" name="Test" finished-at="2019-11-05T10:20:28 IST" duration-ms="136278">
      <class name="com.testcases.Tc_01_Authentication_Header_Validation">
        <test-method is-config="true" signature="intializeTestSuite()[pri:0, instance:com.testcases.Tc_01_Authentication_Header_Validation@6ebf0f36]" started-at="2019-11-05T10:18:12 IST" name="intializeTestSuite" finished-at="2019-11-05T10:18:12 IST" duration-ms="250" status="PASS">
          <reporter-output>
          </reporter-output>
        </test-method> <!-- intializeTestSuite -->
        <test-method is-config="true" signature="getTestCaseDetails(java.lang.reflect.Method)[pri:0, instance:com.testcases.Tc_01_Authentication_Header_Validation@6ebf0f36]" started-at="2019-11-05T10:18:12 IST" name="getTestCaseDetails" finished-at="2019-11-05T10:18:13 IST" duration-ms="459" status="PASS">
          <params>
            <param index="0">
              <value>
                <![CDATA[public static void com.testcases.Tc_01_Authentication_Header_Validation.Tc_01_Authentication_Header_Validation() throws java.lang.Exception]]>
              </value>
            </param>
          </params>
          <reporter-output>
          </reporter-output>
        </test-method> <!-- getTestCaseDetails -->
        <test-method signature="Tc_01_Authentication_Header_Validation()[pri:0, instance:com.testcases.Tc_01_Authentication_Header_Validation@6ebf0f36]" started-at="2019-11-05T10:18:13 IST" name="Tc_01_Authentication_Header_Validation" finished-at="2019-11-05T10:20:27 IST" duration-ms="134138" status="PASS">
          <reporter-output>
          </reporter-output>
        </test-method> <!-- Tc_01_Authentication_Header_Validation -->
        <test-method is-config="true" signature="publishReport()[pri:0, instance:com.testcases.Tc_01_Authentication_Header_Validation@6ebf0f36]" started-at="2019-11-05T10:20:27 IST" name="publishReport" finished-at="2019-11-05T10:20:28 IST" duration-ms="1547" status="PASS">
          <reporter-output>
          </reporter-output>
        </test-method> <!-- publishReport -->
      </class> <!-- com.testcases.Tc_01_Authentication_Header_Validation -->
    </test> <!-- Test -->
  </suite> <!-- Suite -->
</testng-results>
